20250525 20:30:59.961 trx 0 1 10.00
20250525 20:30:59.961 bal 0
20250525 20:30:59.961 stat
20250525 20:30:59.961 rcp 0
20250525 20:31:00.062 end
20250525 20:34:01.053 trx 1 2 10.00
20250525 20:34:01.053 trx 0 1 10.00
20250525 20:34:01.053 trx 2 0 10.00
20250525 20:34:01.053 rcp 0
20250525 20:34:30.235 end
20250525 20:35:10.799 trx 1 2 10.00
20250525 20:35:15.904 trx 0 1 10.00
20250525 20:35:20.669 trx 2 0 10.00
20250525 20:35:23.895 rcp 0
20250525 20:35:27.885 rcp 1
20250525 20:35:29.853 rcp 2
20250525 20:35:34.588 end
20250525 20:35:59.634 trx 1 2 10.00
20250525 20:35:59.634 trx 0 1 10.00
20250525 20:35:59.634 trx 2 0 10.00
20250525 20:35:59.634 rcp 0
20250525 20:36:02.870 end
20250525 20:36:20.999 trx 1 2 10.00
20250525 20:36:20.999 trx 0 1 10.00
20250525 20:36:20.999 trx 2 0 10.00
20250525 20:36:21.402 end
20250525 20:36:30.830 trx 1 2 10.00
20250525 20:36:30.830 trx 0 1 10.00
20250525 20:36:30.830 trx 2 0 10.00
20250525 20:36:30.831 rcp 0
20250525 20:36:31.046 end
20250525 20:37:20.550 trx 1 2 10.00
20250525 20:37:20.550 trx 0 1 10.00
20250525 20:37:20.550 trx 2 0 10.00
20250525 20:37:20.652 end
20250525 20:40:09.454 trx 1 2 10.00
20250525 20:40:09.454 rcp 0
20250525 20:40:09.555 end
20250525 20:52:00.966 bal 0
20250525 20:52:06.900 trx 0 1 10.00
20250525 20:52:25.001 trx 0 1 10.00
20250525 20:52:34.726 rcp 0
20250525 20:52:36.551 rcp 1
20250525 20:52:37.872 end
20250525 20:54:22.217 trx 0 1 10.00
20250525 20:54:25.225 trx 0 1 10.00
20250525 20:54:27.007 rcp 0
20250525 20:54:28.604 end
20250525 21:11:34.412 end
20250525 21:14:45.146 trx 0 1 10.00
20250525 21:15:47.024 end
20250525 21:28:34.650 trx 0 1 10.00
20250525 21:28:49.231 end
20250525 21:33:29.571 end
20250525 21:33:36.388 trx 0 1 10.00
20250525 21:33:39.752 bal 0
20250525 21:33:48.608 end
20250525 21:34:02.512 trx 0 1 10.00
20250525 21:34:07.047 bal 0
20250525 21:34:18.559 rcp 0
20250525 21:34:25.357 trx 0 1 10.00
20250525 21:34:28.602 trx 0 1 10.00
20250525 21:34:31.697 trx 0 1 10.00
20250525 21:35:00.324 end
20250525 21:35:10.499 trx 0 1 10.00
20250525 21:35:12.870 bal 0
20250525 21:35:14.658 end
20250525 21:35:25.850 trx 1 0 10.00
20250525 21:35:28.254 bal 0
20250525 21:35:37.786 end
20250525 21:48:31.832 bal 0
20250525 21:49:00.118 trx 2 1 100.00
20250525 21:49:03.756 bal 2
20250525 21:49:14.491 trx 0 1 10.00
20250525 21:49:18.032 trx 0 1 10.00
20250525 21:49:21.946 trx 0 1 10.00
20250525 21:50:02.724 end
